<?xml version="1.0" encoding="UTF-8"?>
<testsuite xmlns:xsi="http://www.w3.org/2001/XMLSchema-instance" xsi:noNamespaceSchemaLocation="https://maven.apache.org/surefire/maven-surefire-plugin/xsd/surefire-test-report.xsd" version="3.0.2" name="com.olinykfs.eduPress.EduPressApplicationTests" time="6.545" tests="1" errors="0" skipped="0" failures="0">
  <properties>
[...]
</properties>
  <testcase name="contextLoads" classname="com.olinykfs.eduPress.EduPressApplicationTests" time="0.016">
    <system-out><![CDATA[21:47:35.232 [main] INFO org.springframework.test.context.support.AnnotationConfigContextLoaderUtils -- Could not detect default configuration classes for test class [com.olinykfs.eduPress.EduPressApplicationTests]: EduPressApplicationTests does not declare any static, non-private, non-final, nested classes annotated with @Configuration.
21:47:35.325 [main] INFO org.springframework.boot.test.context.SpringBootTestContextBootstrapper -- Found @SpringBootConfiguration com.olinykfs.eduPress.EduPressApplication for test class com.olinykfs.eduPress.EduPressApplicationTests
21:47:35.435 [main] INFO org.springframework.boot.devtools.restart.RestartApplicationListener -- Restart disabled due to context in which it is running

  .   ____          _            __ _ _
 /\\ / ___'_ __ _ _(_)_ __  __ _ \ \ \ \
( ( )\___ | '_ | '_| | '_ \/ _` | \ \ \ \
 \\/  ___)| |_)| | | | | || (_| |  ) ) ) )
  '  |____| .__|_| |_|_| |_\__, | / / / /
 =========|_|==============|___/=/_/_/_/

 :: Spring Boot ::                (v3.3.4)

2025-02-25T21:47:35.624+01:00  INFO 134797 --- [           main] c.o.eduPress.EduPressApplicationTests    : Starting EduPressApplicationTests using Java 17.0.14 with PID 134797 (started by aye in /home/aye/dev/edupress/CoursesWebAplication/eduPress)
2025-02-25T21:47:35.625+01:00 DEBUG 134797 --- [           main] c.o.eduPress.EduPressApplicationTests    : Running with Spring Boot v3.3.4, Spring v6.1.13
2025-02-25T21:47:35.626+01:00  INFO 134797 --- [           main] c.o.eduPress.EduPressApplicationTests    : The following 1 profile is active: "test"
2025-02-25T21:47:36.494+01:00  INFO 134797 --- [           main] .s.d.r.c.RepositoryConfigurationDelegate : Multiple Spring Data modules found, entering strict repository configuration mode
2025-02-25T21:47:36.495+01:00  INFO 134797 --- [           main] .s.d.r.c.RepositoryConfigurationDelegate : Bootstrapping Spring Data JPA repositories in DEFAULT mode.
2025-02-25T21:47:36.628+01:00  INFO 134797 --- [           main] .s.d.r.c.RepositoryConfigurationDelegate : Finished Spring Data repository scanning in 126 ms. Found 23 JPA repository interfaces.
2025-02-25T21:47:37.185+01:00  INFO 134797 --- [           main] o.hibernate.jpa.internal.util.LogHelper  : HHH000204: Processing PersistenceUnitInfo [name: default]
2025-02-25T21:47:37.223+01:00  INFO 134797 --- [           main] org.hibernate.Version                    : HHH000412: Hibernate ORM core version 6.5.3.Final
2025-02-25T21:47:37.250+01:00  INFO 134797 --- [           main] o.h.c.internal.RegionFactoryInitiator    : HHH000026: Second-level cache disabled
2025-02-25T21:47:37.325+01:00  INFO 134797 --- [           main] o.s.o.j.p.SpringPersistenceUnitInfo      : No LoadTimeWeaver setup: ignoring JPA class transformer
2025-02-25T21:47:37.344+01:00  INFO 134797 --- [           main] com.zaxxer.hikari.HikariDataSource       : HikariPool-1 - Starting...
2025-02-25T21:47:37.472+01:00  INFO 134797 --- [           main] com.zaxxer.hikari.pool.HikariPool        : HikariPool-1 - Added connection conn0: url=jdbc:h2:mem:testdb user=SA
2025-02-25T21:47:37.474+01:00  INFO 134797 --- [           main] com.zaxxer.hikari.HikariDataSource       : HikariPool-1 - Start completed.
2025-02-25T21:47:37.491+01:00  WARN 134797 --- [           main] org.hibernate.orm.deprecation            : HHH90000025: H2Dialect does not need to be specified explicitly using 'hibernate.dialect' (remove the property setting and it will be selected by default)
2025-02-25T21:47:38.372+01:00  INFO 134797 --- [           main] o.h.e.t.j.p.i.JtaPlatformInitiator       : HHH000489: No JTA platform available (set 'hibernate.transaction.jta.platform' to enable JTA platform integration)
2025-02-25T21:47:38.461+01:00  INFO 134797 --- [           main] j.LocalContainerEntityManagerFactoryBean : Initialized JPA EntityManagerFactory for persistence unit 'default'
2025-02-25T21:47:38.775+01:00  INFO 134797 --- [           main] o.s.d.j.r.query.QueryEnhancerFactory     : Hibernate is in classpath; If applicable, HQL parser will be used.
2025-02-25T21:47:40.239+01:00  WARN 134797 --- [           main] JpaBaseConfiguration$JpaWebConfiguration : spring.jpa.open-in-view is enabled by default. Therefore, database queries may be performed during view rendering. Explicitly configure spring.jpa.open-in-view to disable this warning
2025-02-25T21:47:40.280+01:00  INFO 134797 --- [           main] eAuthenticationProviderManagerConfigurer : Global AuthenticationManager configured with AuthenticationProvider bean with name authenticationProvider
2025-02-25T21:47:40.280+01:00  WARN 134797 --- [           main] r$InitializeUserDetailsManagerConfigurer : Global AuthenticationManager configured with an AuthenticationProvider bean. UserDetailsService beans will not be used for username/password login. Consider removing the AuthenticationProvider bean. Alternatively, consider using the UserDetailsService in a manually instantiated DaoAuthenticationProvider.
2025-02-25T21:47:40.707+01:00  INFO 134797 --- [           main] o.s.b.a.e.web.EndpointLinksResolver      : Exposing 1 endpoint beneath base path '/actuator'
2025-02-25T21:47:41.092+01:00  WARN 134797 --- [           main] ion$DefaultTemplateResolverConfiguration : Cannot find template location: classpath:/templates/ (please add some templates, check your Thymeleaf configuration, or set spring.thymeleaf.check-template-location=false)
2025-02-25T21:47:41.644+01:00  INFO 134797 --- [           main] c.o.eduPress.EduPressApplicationTests    : Started EduPressApplicationTests in 6.216 seconds (process running for 8.161)
]]></system-out>
  </testcase>
</testsuite>